---
  0 debug pnpm:scope: 
    selected: 1
    workspacePrefix: null
  1 info pnpm: 
    message: "A store server is running. All store manipulations are delegated to it."
    prefix: "/app"
  2 debug pnpm:package-json: 
    initial: 
      //1: "describes your app and its dependencies"
      //2: "https://docs.npmjs.com/files/package.json"
      //3: "updating this file will download and update your packages"
      name: "hello-express"
      version: "0.0.1"
      description: "A simple Node app built on Express, instantly up and running."
      main: "index.js"
      scripts: 
        start: "node index.js"
      dependencies: 
        array-sort: "^1.0.0"
        better-sqlite3: "^5.4.3"
        bootstrap: "^4.4.1"
        canvas: "^2.7.0"
        canvas-constructor: "^3.2.0"
        chalk: "^3.0.0"
        cleverbot.io: "^1.0.4"
        cli-table: "^0.3.1"
        common-tags: "^1.8.0"
        cowsay: "^1.4.0"
        cpu-stat: "^2.0.1"
        db-system: "^0.0.34"
        dblapi.js: "^2.4.1"
        discord-anti-spam-tr: "^0.7.4"
        discord.js: "^11.6.4"
        discord.js-music-v11: "^1.3.4"
        discord.js-sharder: "^1.0.6"
        ejs: "^3.1.6"
        express: "^4.17.1"
        express-session: "^1.17.1"
        ffmpeg: "^0.0.4"
        ffmpeg-binaries: "^4.0.0"
        figlet: "^1.5.0"
        fortnite: "^4.3.2"
        fortnitetracker-7days-stats: "^3.3.1"
        funny-words: "^0.1.2"
        generate-password: "^1.6.0"
        gifencoder: "^2.0.1"
        google-tts-api: "^0.0.4"
        hastebin-gen: "^2.0.5"
        helmet: "^3.23.3"
        inquirer: "^7.0.0"
        instagram-user: "^2.0.1"
        isgd: "^1.1.3"
        jimp: "^0.9.8"
        json-server: "^0.15.1"
        level: "^6.0.0"
        level-session-store: "^2.2.0"
        marked: "^0.8.2"
        math-expression-evaluator: "^1.3.7"
        mc-ping-updated: "^0.1.0"
        moment: "^2.29.1"
        moment-duration-format: "^2.3.2"
        news-text: "^3.0.0"
        node-google-translate-skidz: "^1.1.2"
        node-superfetch: "^0.1.11"
        npm: "^6.14.3"
        opusscript: "^0.0.7"
        parse-ms: "^2.1.0"
        pass: "^0.2.0"
        passport: "^0.4.1"
        passport-discord: "^0.1.4"
        path: "^0.12.7"
        performance-now: "^2.1.0"
        pokedex-api: "^1.1.2"
        q: "^2.0.3"
        qrcode: "^1.4.4"
        quick.db: "^7.1.3"
        quick.hook: "^1.5.1"
        request: "^2.88.2"
        request-promise-native: "^1.0.9"
        simple-youtube-api: "^5.2.1"
        speedtest-net: "^1.6.2"
        sqlite3: "^4.1.1"
        steam-market-search: "^1.1.2"
        steam-provider: "^0.2.0"
        superagent: "^5.3.1"
        table: "^5.4.6"
        tempy: "^0.3.0"
        useful-package: "^0.0.64"
        useful-tools: "^0.2.6"
        user-instagram: "^1.1.3"
        xml2js: "^0.4.22"
        xmlhttprequest: "^1.8.0"
        yodasay: "^1.1.9"
        ytdl-core: "^1.0.9"
      engines: 
        node: "10.x"
      repository: 
        type: "git"
        url: "git+https://github.com/An-Idiots-Guide/guidebot.git"
      author: 
        name: "Evelyne Lachance"
        email: "eslachance@gmail.com"
        url: "http://evie.codes"
      contributors: 
        - 
          name: "York"
          url: "http://anidiots.guide"
      license: "MIT"
      bugs: 
        url: "https://github.com/An-Idiots-Guide/guidebot/issues"
      homepage: "https://github.com/An-Idiots-Guide/guidebot#readme"
      keywords: 
        - "node"
        - "glitch"
        - "express"
      readme: "\nBu kodlar bana ait değildir. \n\nYusuf K#0001 Kişiye aittir.\n"
      readmeFilename: "Readme.MD"
      gitHead: "28760f87fa31f41b07edddca58db22800d8f37c9"
      _id: "hello-express@0.0.1"
    prefix: "/app"
  3 info pnpm: 
    message: "Performing headless installation"
    prefix: "/app"
  4 debug pnpm:stats: 
    prefix: "/app"
    removed: 0
  5 debug pnpm:stage: 
    prefix: "/app"
    stage: "importing_started"
  6 debug pnpm:progress: 
    packageId: "registry.npmjs.org/array-sort/1.0.0"
    requester: "/app"
    status: "resolved"
  7 debug pnpm:progress: 
    packageId: "registry.npmjs.org/array-sort/1.0.0"
    requester: "/app"
    status: "found_in_store"
  8 debug pnpm:progress: 
    packageId: "registry.npmjs.org/default-compare/1.0.0"
    requester: "/app"
    status: "resolved"
  9 debug pnpm:progress: 
    packageId: "registry.npmjs.org/default-compare/1.0.0"
    requester: "/app"
    status: "found_in_store"
  10 debug pnpm:progress: 
    packageId: "registry.npmjs.org/kind-of/5.1.0"
    requester: "/app"
    status: "resolved"
  11 debug pnpm:progress: 
    packageId: "registry.npmjs.org/kind-of/5.1.0"
    requester: "/app"
    status: "found_in_store"
  12 debug pnpm:progress: 
    packageId: "registry.npmjs.org/get-value/2.0.6"
    requester: "/app"
    status: "resolved"
  13 debug pnpm:progress: 
    packageId: "registry.npmjs.org/get-value/2.0.6"
    requester: "/app"
    status: "found_in_store"
  14 debug pnpm:progress: 
    packageId: "registry.npmjs.org/better-sqlite3/5.4.3"
    requester: "/app"
    status: "resolved"
  15 debug pnpm:progress: 
    packageId: "registry.npmjs.org/better-sqlite3/5.4.3"
    requester: "/app"
    status: "found_in_store"
  16 debug pnpm:progress: 
    packageId: "registry.npmjs.org/integer/2.1.0"
    requester: "/app"
    status: "resolved"
  17 debug pnpm:progress: 
    packageId: "registry.npmjs.org/integer/2.1.0"
    requester: "/app"
    status: "found_in_store"
  18 debug pnpm:progress: 
    packageId: "registry.npmjs.org/tar/4.4.13"
    requester: "/app"
    status: "resolved"
  19 debug pnpm:progress: 
    packageId: "registry.npmjs.org/tar/4.4.13"
    requester: "/app"
    status: "found_in_store"
  20 debug pnpm:progress: 
    packageId: "registry.npmjs.org/chownr/1.1.4"
    requester: "/app"
    status: "resolved"
  21 debug pnpm:progress: 
    packageId: "registry.npmjs.org/chownr/1.1.4"
    requester: "/app"
    status: "found_in_store"
  22 debug pnpm:progress: 
    packageId: "registry.npmjs.org/fs-minipass/1.2.7"
    requester: "/app"
    status: "resolved"
  23 debug pnpm:progress: 
    packageId: "registry.npmjs.org/fs-minipass/1.2.7"
    requester: "/app"
    status: "found_in_store"
  24 debug pnpm:progress: 
    packageId: "registry.npmjs.org/minipass/2.9.0"
    requester: "/app"
    status: "resolved"
  25 debug pnpm:progress: 
    packageId: "registry.npmjs.org/minipass/2.9.0"
    requester: "/app"
    status: "found_in_store"
  26 debug pnpm:progress: 
    packageId: "registry.npmjs.org/safe-buffer/5.2.1"
    requester: "/app"
    status: "resolved"
  27 debug pnpm:progress: 
    packageId: "registry.npmjs.org/safe-buffer/5.2.1"
    requester: "/app"
    status: "found_in_store"
  28 debug pnpm:progress: 
    packageId: "registry.npmjs.org/yallist/3.1.1"
    requester: "/app"
    status: "resolved"
  29 debug pnpm:progress: 
    packageId: "registry.npmjs.org/yallist/3.1.1"
    requester: "/app"
    status: "found_in_store"
  30 debug pnpm:progress: 
    packageId: "registry.npmjs.org/minizlib/1.3.3"
    requester: "/app"
    status: "resolved"
  31 debug pnpm:progress: 
    packageId: "registry.npmjs.org/minizlib/1.3.3"
    requester: "/app"
    status: "found_in_store"
  32 debug pnpm:progress: 
    packageId: "registry.npmjs.org/mkdirp/0.5.5"
    requester: "/app"
    status: "resolved"
  33 debug pnpm:progress: 
    packageId: "registry.npmjs.org/mkdirp/0.5.5"
    requester: "/app"
    status: "found_in_store"
  34 debug pnpm:progress: 
    packageId: "registry.npmjs.org/minimist/1.2.5"
    requester: "/app"
    status: "resolved"
  35 debug pnpm:progress: 
    packageId: "registry.npmjs.org/minimist/1.2.5"
    requester: "/app"
    status: "found_in_store"
  36 debug pnpm:progress: 
    packageId: "registry.npmjs.org/bootstrap/4.4.1"
    requester: "/app"
    status: "resolved"
  37 debug pnpm:progress: 
    packageId: "registry.npmjs.org/canvas/2.7.0"
    requester: "/app"
    status: "resolved"
  38 debug pnpm:progress: 
    packageId: "registry.npmjs.org/nan/2.14.2"
    requester: "/app"
    status: "resolved"
  39 debug pnpm:progress: 
    packageId: "registry.npmjs.org/node-pre-gyp/0.15.0"
    requester: "/app"
    status: "resolved"
  40 debug pnpm:progress: 
    packageId: "registry.npmjs.org/detect-libc/1.0.3"
    requester: "/app"
    status: "resolved"
  41 debug pnpm:progress: 
    packageId: "registry.npmjs.org/canvas/2.7.0"
    requester: "/app"
    status: "found_in_store"
  42 debug pnpm:progress: 
    packageId: "registry.npmjs.org/nan/2.14.2"
    requester: "/app"
    status: "found_in_store"
  43 debug pnpm:progress: 
    packageId: "registry.npmjs.org/needle/2.6.0"
    requester: "/app"
    status: "resolved"
  44 debug pnpm:progress: 
    packageId: "registry.npmjs.org/node-pre-gyp/0.15.0"
    requester: "/app"
    status: "found_in_store"
  45 debug pnpm:progress: 
    packageId: "registry.npmjs.org/detect-libc/1.0.3"
    requester: "/app"
    status: "found_in_store"
  46 debug pnpm:progress: 
    packageId: "registry.npmjs.org/needle/2.6.0"
    requester: "/app"
    status: "found_in_store"
  47 debug pnpm:progress: 
    packageId: "registry.npmjs.org/debug/3.2.7"
    requester: "/app"
    status: "resolved"
  48 debug pnpm:progress: 
    packageId: "registry.npmjs.org/bootstrap/4.4.1"
    requester: "/app"
    status: "found_in_store"
  49 debug pnpm:progress: 
    packageId: "registry.npmjs.org/debug/3.2.7"
    requester: "/app"
    status: "found_in_store"
  50 debug pnpm:progress: 
    packageId: "registry.npmjs.org/ms/2.1.3"
    requester: "/app"
    status: "resolved"
  51 debug pnpm:progress: 
    packageId: "registry.npmjs.org/ms/2.1.3"
    requester: "/app"
    status: "found_in_store"
  52 debug pnpm:progress: 
    packageId: "registry.npmjs.org/iconv-lite/0.4.24"
    requester: "/app"
    status: "resolved"
  53 debug pnpm:progress: 
    packageId: "registry.npmjs.org/iconv-lite/0.4.24"
    requester: "/app"
    status: "found_in_store"
  54 debug pnpm:progress: 
    packageId: "registry.npmjs.org/safer-buffer/2.1.2"
    requester: "/app"
    status: "resolved"
  55 debug pnpm:progress: 
    packageId: "registry.npmjs.org/safer-buffer/2.1.2"
    requester: "/app"
    status: "found_in_store"
  56 debug pnpm:progress: 
    packageId: "registry.npmjs.org/sax/1.2.4"
    requester: "/app"
    status: "resolved"
  57 debug pnpm:progress: 
    packageId: "registry.npmjs.org/sax/1.2.4"
    requester: "/app"
    status: "found_in_store"
  58 debug pnpm:progress: 
    packageId: "registry.npmjs.org/nopt/4.0.3"
    requester: "/app"
    status: "resolved"
  59 debug pnpm:progress: 
    packageId: "registry.npmjs.org/nopt/4.0.3"
    requester: "/app"
    status: "found_in_store"
  60 debug pnpm:progress: 
    packageId: "registry.npmjs.org/abbrev/1.1.1"
    requester: "/app"
    status: "resolved"
  61 debug pnpm:progress: 
    packageId: "registry.npmjs.org/abbrev/1.1.1"
    requester: "/app"
    status: "found_in_store"
  62 debug pnpm:progress: 
    packageId: "registry.npmjs.org/osenv/0.1.5"
    requester: "/app"
    status: "resolved"
  63 debug pnpm:progress: 
    packageId: "registry.npmjs.org/osenv/0.1.5"
    requester: "/app"
    status: "found_in_store"
  64 debug pnpm:progress: 
    packageId: "registry.npmjs.org/os-homedir/1.0.2"
    requester: "/app"
    status: "resolved"
  65 debug pnpm:progress: 
    packageId: "registry.npmjs.org/os-homedir/1.0.2"
    requester: "/app"
    status: "found_in_store"
  66 debug pnpm:progress: 
    packageId: "registry.npmjs.org/os-tmpdir/1.0.2"
    requester: "/app"
    status: "resolved"
  67 debug pnpm:progress: 
    packageId: "registry.npmjs.org/os-tmpdir/1.0.2"
    requester: "/app"
    status: "found_in_store"
  68 debug pnpm:progress: 
    packageId: "registry.npmjs.org/npm-packlist/1.4.8"
    requester: "/app"
    status: "resolved"
  69 debug pnpm:progress: 
    packageId: "registry.npmjs.org/npm-packlist/1.4.8"
    requester: "/app"
    status: "found_in_store"
  70 debug pnpm:progress: 
    packageId: "registry.npmjs.org/ignore-walk/3.0.3"
    requester: "/app"
    status: "resolved"
  71 debug pnpm:progress: 
    packageId: "registry.npmjs.org/ignore-walk/3.0.3"
    requester: "/app"
    status: "found_in_store"
  72 debug pnpm:progress: 
    packageId: "registry.npmjs.org/minimatch/3.0.4"
    requester: "/app"
    status: "resolved"
  73 debug pnpm:progress: 
    packageId: "registry.npmjs.org/minimatch/3.0.4"
    requester: "/app"
    status: "found_in_store"
  74 debug pnpm:progress: 
    packageId: "registry.npmjs.org/brace-expansion/1.1.11"
    requester: "/app"
    status: "resolved"
  75 debug pnpm:progress: 
    packageId: "registry.npmjs.org/brace-expansion/1.1.11"
    requester: "/app"
    status: "found_in_store"
  76 debug pnpm:progress: 
    packageId: "registry.npmjs.org/balanced-match/1.0.0"
    requester: "/app"
    status: "resolved"
  77 debug pnpm:progress: 
    packageId: "registry.npmjs.org/balanced-match/1.0.0"
    requester: "/app"
    status: "found_in_store"
  78 debug pnpm:progress: 
    packageId: "registry.npmjs.org/concat-map/0.0.1"
    requester: "/app"
    status: "resolved"
  79 debug pnpm:progress: 
    packageId: "registry.npmjs.org/concat-map/0.0.1"
    requester: "/app"
    status: "found_in_store"
  80 debug pnpm:progress: 
    packageId: "registry.npmjs.org/npm-bundled/1.1.1"
    requester: "/app"
    status: "resolved"
  81 debug pnpm:progress: 
    packageId: "registry.npmjs.org/npm-bundled/1.1.1"
    requester: "/app"
    status: "found_in_store"
  82 debug pnpm:progress: 
    packageId: "registry.npmjs.org/npm-normalize-package-bin/1.0.1"
    requester: "/app"
    status: "resolved"
  83 debug pnpm:progress: 
    packageId: "registry.npmjs.org/npm-normalize-package-bin/1.0.1"
    requester: "/app"
    status: "found_in_store"
  84 debug pnpm:progress: 
    packageId: "registry.npmjs.org/npmlog/4.1.2"
    requester: "/app"
    status: "resolved"
  85 debug pnpm:progress: 
    packageId: "registry.npmjs.org/npmlog/4.1.2"
    requester: "/app"
    status: "found_in_store"
  86 debug pnpm:progress: 
    packageId: "registry.npmjs.org/are-we-there-yet/1.1.5"
    requester: "/app"
    status: "resolved"
  87 debug pnpm:progress: 
    packageId: "registry.npmjs.org/delegates/1.0.0"
    requester: "/app"
    status: "resolved"
  88 debug pnpm:progress: 
    packageId: "registry.npmjs.org/are-we-there-yet/1.1.5"
    requester: "/app"
    status: "found_in_store"
  89 debug pnpm:progress: 
    packageId: "registry.npmjs.org/delegates/1.0.0"
    requester: "/app"
    status: "found_in_store"
  90 debug pnpm:progress: 
    packageId: "registry.npmjs.org/readable-stream/2.3.7"
    requester: "/app"
    status: "resolved"
  91 debug pnpm:progress: 
    packageId: "registry.npmjs.org/core-util-is/1.0.2"
    requester: "/app"
    status: "resolved"
  92 debug pnpm:progress: 
    packageId: "registry.npmjs.org/readable-stream/2.3.7"
    requester: "/app"
    status: "found_in_store"
  93 debug pnpm:progress: 
    packageId: "registry.npmjs.org/core-util-is/1.0.2"
    requester: "/app"
    status: "found_in_store"
  94 debug pnpm:progress: 
    packageId: "registry.npmjs.org/inherits/2.0.4"
    requester: "/app"
    status: "resolved"
  95 debug pnpm:progress: 
    packageId: "registry.npmjs.org/inherits/2.0.4"
    requester: "/app"
    status: "found_in_store"
  96 debug pnpm:progress: 
    packageId: "registry.npmjs.org/isarray/1.0.0"
    requester: "/app"
    status: "resolved"
  97 debug pnpm:progress: 
    packageId: "registry.npmjs.org/isarray/1.0.0"
    requester: "/app"
    status: "found_in_store"
  98 debug pnpm:progress: 
    packageId: "registry.npmjs.org/process-nextick-args/2.0.1"
    requester: "/app"
    status: "resolved"
  99 debug pnpm:progress: 
    packageId: "registry.npmjs.org/safe-buffer/5.1.2"
    requester: "/app"
    status: "resolved"
  100 debug pnpm:progress: 
    packageId: "registry.npmjs.org/process-nextick-args/2.0.1"
    requester: "/app"
    status: "found_in_store"
  101 debug pnpm:progress: 
    packageId: "registry.npmjs.org/safe-buffer/5.1.2"
    requester: "/app"
    status: "found_in_store"
  102 debug pnpm:progress: 
    packageId: "registry.npmjs.org/string_decoder/1.1.1"
    requester: "/app"
    status: "resolved"
  103 debug pnpm:progress: 
    packageId: "registry.npmjs.org/string_decoder/1.1.1"
    requester: "/app"
    status: "found_in_store"
  104 debug pnpm:progress: 
    packageId: "registry.npmjs.org/util-deprecate/1.0.2"
    requester: "/app"
    status: "resolved"
  105 debug pnpm:progress: 
    packageId: "registry.npmjs.org/util-deprecate/1.0.2"
    requester: "/app"
    status: "found_in_store"
  106 debug pnpm:progress: 
    packageId: "registry.npmjs.org/console-control-strings/1.1.0"
    requester: "/app"
    status: "resolved"
  107 debug pnpm:progress: 
    packageId: "registry.npmjs.org/console-control-strings/1.1.0"
    requester: "/app"
    status: "found_in_store"
  108 debug pnpm:progress: 
    packageId: "registry.npmjs.org/gauge/2.7.4"
    requester: "/app"
    status: "resolved"
  109 debug pnpm:progress: 
    packageId: "registry.npmjs.org/gauge/2.7.4"
    requester: "/app"
    status: "found_in_store"
  110 debug pnpm:progress: 
    packageId: "registry.npmjs.org/aproba/1.2.0"
    requester: "/app"
    status: "resolved"
  111 debug pnpm:progress: 
    packageId: "registry.npmjs.org/aproba/1.2.0"
    requester: "/app"
    status: "found_in_store"
  112 debug pnpm:progress: 
    packageId: "registry.npmjs.org/has-unicode/2.0.1"
    requester: "/app"
    status: "resolved"
  113 debug pnpm:progress: 
    packageId: "registry.npmjs.org/has-unicode/2.0.1"
    requester: "/app"
    status: "found_in_store"
  114 debug pnpm:progress: 
    packageId: "registry.npmjs.org/object-assign/4.1.1"
    requester: "/app"
    status: "resolved"
  115 debug pnpm:progress: 
    packageId: "registry.npmjs.org/object-assign/4.1.1"
    requester: "/app"
    status: "found_in_store"
  116 debug pnpm:progress: 
    packageId: "registry.npmjs.org/signal-exit/3.0.3"
    requester: "/app"
    status: "resolved"
  117 debug pnpm:progress: 
    packageId: "registry.npmjs.org/signal-exit/3.0.3"
    requester: "/app"
    status: "found_in_store"
  118 debug pnpm:progress: 
    packageId: "registry.npmjs.org/string-width/1.0.2"
    requester: "/app"
    status: "resolved"
  119 debug pnpm:progress: 
    packageId: "registry.npmjs.org/string-width/1.0.2"
    requester: "/app"
    status: "found_in_store"
  120 debug pnpm:progress: 
    packageId: "registry.npmjs.org/code-point-at/1.1.0"
    requester: "/app"
    status: "resolved"
  121 debug pnpm:progress: 
    packageId: "registry.npmjs.org/code-point-at/1.1.0"
    requester: "/app"
    status: "found_in_store"
  122 debug pnpm:progress: 
    packageId: "registry.npmjs.org/is-fullwidth-code-point/1.0.0"
    requester: "/app"
    status: "resolved"
  123 debug pnpm:progress: 
    packageId: "registry.npmjs.org/is-fullwidth-code-point/1.0.0"
    requester: "/app"
    status: "found_in_store"
  124 debug pnpm:progress: 
    packageId: "registry.npmjs.org/number-is-nan/1.0.1"
    requester: "/app"
    status: "resolved"
  125 debug pnpm:progress: 
    packageId: "registry.npmjs.org/number-is-nan/1.0.1"
    requester: "/app"
    status: "found_in_store"
  126 debug pnpm:progress: 
    packageId: "registry.npmjs.org/strip-ansi/3.0.1"
    requester: "/app"
    status: "resolved"
  127 debug pnpm:progress: 
    packageId: "registry.npmjs.org/strip-ansi/3.0.1"
    requester: "/app"
    status: "found_in_store"
  128 debug pnpm:progress: 
    packageId: "registry.npmjs.org/ansi-regex/2.1.1"
    requester: "/app"
    status: "resolved"
  129 debug pnpm:progress: 
    packageId: "registry.npmjs.org/ansi-regex/2.1.1"
    requester: "/app"
    status: "found_in_store"
  130 debug pnpm:progress: 
    packageId: "registry.npmjs.org/wide-align/1.1.3"
    requester: "/app"
    status: "resolved"
  131 debug pnpm:progress: 
    packageId: "registry.npmjs.org/wide-align/1.1.3"
    requester: "/app"
    status: "found_in_store"
  132 debug pnpm:progress: 
    packageId: "registry.npmjs.org/string-width/2.1.1"
    requester: "/app"
    status: "resolved"
  133 debug pnpm:progress: 
    packageId: "registry.npmjs.org/string-width/2.1.1"
    requester: "/app"
    status: "found_in_store"
  134 debug pnpm:progress: 
    packageId: "registry.npmjs.org/is-fullwidth-code-point/2.0.0"
    requester: "/app"
    status: "resolved"
  135 debug pnpm:progress: 
    packageId: "registry.npmjs.org/is-fullwidth-code-point/2.0.0"
    requester: "/app"
    status: "found_in_store"
  136 debug pnpm:progress: 
    packageId: "registry.npmjs.org/strip-ansi/4.0.0"
    requester: "/app"
    status: "resolved"
  137 debug pnpm:progress: 
    packageId: "registry.npmjs.org/strip-ansi/4.0.0"
    requester: "/app"
    status: "found_in_store"
  138 debug pnpm:progress: 
    packageId: "registry.npmjs.org/ansi-regex/3.0.0"
    requester: "/app"
    status: "resolved"
  139 debug pnpm:progress: 
    packageId: "registry.npmjs.org/ansi-regex/3.0.0"
    requester: "/app"
    status: "found_in_store"
  140 debug pnpm:progress: 
    packageId: "registry.npmjs.org/set-blocking/2.0.0"
    requester: "/app"
    status: "resolved"
  141 debug pnpm:progress: 
    packageId: "registry.npmjs.org/set-blocking/2.0.0"
    requester: "/app"
    status: "found_in_store"
  142 debug pnpm:progress: 
    packageId: "registry.npmjs.org/rc/1.2.8"
    requester: "/app"
    status: "resolved"
  143 debug pnpm:progress: 
    packageId: "registry.npmjs.org/rc/1.2.8"
    requester: "/app"
    status: "found_in_store"
  144 debug pnpm:progress: 
    packageId: "registry.npmjs.org/deep-extend/0.6.0"
    requester: "/app"
    status: "resolved"
  145 debug pnpm:progress: 
    packageId: "registry.npmjs.org/deep-extend/0.6.0"
    requester: "/app"
    status: "found_in_store"
  146 debug pnpm:progress: 
    packageId: "registry.npmjs.org/ini/1.3.8"
    requester: "/app"
    status: "resolved"
  147 debug pnpm:progress: 
    packageId: "registry.npmjs.org/ini/1.3.8"
    requester: "/app"
    status: "found_in_store"
  148 debug pnpm:progress: 
    packageId: "registry.npmjs.org/strip-json-comments/2.0.1"
    requester: "/app"
    status: "resolved"
  149 debug pnpm:progress: 
    packageId: "registry.npmjs.org/rimraf/2.7.1"
    requester: "/app"
    status: "resolved"
  150 debug pnpm:progress: 
    packageId: "registry.npmjs.org/strip-json-comments/2.0.1"
    requester: "/app"
    status: "found_in_store"
  151 debug pnpm:progress: 
    packageId: "registry.npmjs.org/glob/7.1.6"
    requester: "/app"
    status: "resolved"
  152 debug pnpm:progress: 
    packageId: "registry.npmjs.org/rimraf/2.7.1"
    requester: "/app"
    status: "found_in_store"
  153 debug pnpm:progress: 
    packageId: "registry.npmjs.org/glob/7.1.6"
    requester: "/app"
    status: "found_in_store"
  154 debug pnpm:progress: 
    packageId: "registry.npmjs.org/fs.realpath/1.0.0"
    requester: "/app"
    status: "resolved"
  155 debug pnpm:progress: 
    packageId: "registry.npmjs.org/fs.realpath/1.0.0"
    requester: "/app"
    status: "found_in_store"
  156 debug pnpm:progress: 
    packageId: "registry.npmjs.org/inflight/1.0.6"
    requester: "/app"
    status: "resolved"
  157 debug pnpm:progress: 
    packageId: "registry.npmjs.org/inflight/1.0.6"
    requester: "/app"
    status: "found_in_store"
  158 debug pnpm:progress: 
    packageId: "registry.npmjs.org/once/1.4.0"
    requester: "/app"
    status: "resolved"
  159 debug pnpm:progress: 
    packageId: "registry.npmjs.org/once/1.4.0"
    requester: "/app"
    status: "found_in_store"
  160 debug pnpm:progress: 
    packageId: "registry.npmjs.org/wrappy/1.0.2"
    requester: "/app"
    status: "resolved"
  161 debug pnpm:progress: 
    packageId: "registry.npmjs.org/wrappy/1.0.2"
    requester: "/app"
    status: "found_in_store"
  162 debug pnpm:progress: 
    packageId: "registry.npmjs.org/path-is-absolute/1.0.1"
    requester: "/app"
    status: "resolved"
  163 debug pnpm:progress: 
    packageId: "registry.npmjs.org/path-is-absolute/1.0.1"
    requester: "/app"
    status: "found_in_store"
  164 debug pnpm:progress: 
    packageId: "registry.npmjs.org/semver/5.7.1"
    requester: "/app"
    status: "resolved"
  165 debug pnpm:progress: 
    packageId: "registry.npmjs.org/simple-get/3.1.0"
    requester: "/app"
    status: "resolved"
  166 debug pnpm:progress: 
    packageId: "registry.npmjs.org/semver/5.7.1"
    requester: "/app"
    status: "found_in_store"
  167 debug pnpm:progress: 
    packageId: "registry.npmjs.org/decompress-response/4.2.1"
    requester: "/app"
    status: "resolved"
  168 debug pnpm:progress: 
    packageId: "registry.npmjs.org/simple-get/3.1.0"
    requester: "/app"
    status: "found_in_store"
  169 debug pnpm:progress: 
    packageId: "registry.npmjs.org/decompress-response/4.2.1"
    requester: "/app"
    status: "found_in_store"
  170 debug pnpm:progress: 
    packageId: "registry.npmjs.org/mimic-response/2.1.0"
    requester: "/app"
    status: "resolved"
  171 debug pnpm:progress: 
    packageId: "registry.npmjs.org/simple-concat/1.0.1"
    requester: "/app"
    status: "resolved"
  172 debug pnpm:progress: 
    packageId: "registry.npmjs.org/mimic-response/2.1.0"
    requester: "/app"
    status: "found_in_store"
  173 debug pnpm:progress: 
    packageId: "registry.npmjs.org/simple-concat/1.0.1"
    requester: "/app"
    status: "found_in_store"
  174 debug pnpm:progress: 
    packageId: "registry.npmjs.org/canvas-constructor/3.2.0"
    requester: "/app"
    status: "resolved"
  175 debug pnpm:progress: 
    packageId: "registry.npmjs.org/canvas-constructor/3.2.0"
    requester: "/app"
    status: "found_in_store"
  176 debug pnpm:progress: 
    packageId: "registry.npmjs.org/chalk/3.0.0"
    requester: "/app"
    status: "resolved"
  177 debug pnpm:progress: 
    packageId: "registry.npmjs.org/chalk/3.0.0"
    requester: "/app"
    status: "found_in_store"
  178 debug pnpm:progress: 
    packageId: "registry.npmjs.org/ansi-styles/4.3.0"
    requester: "/app"
    status: "resolved"
  179 debug pnpm:progress: 
    packageId: "registry.npmjs.org/ansi-styles/4.3.0"
    requester: "/app"
    status: "found_in_store"
  180 debug pnpm:progress: 
    packageId: "registry.npmjs.org/color-convert/2.0.1"
    requester: "/app"
    status: "resolved"
  181 debug pnpm:progress: 
    packageId: "registry.npmjs.org/color-convert/2.0.1"
    requester: "/app"
    status: "found_in_store"
  182 debug pnpm:progress: 
    packageId: "registry.npmjs.org/color-name/1.1.4"
    requester: "/app"
    status: "resolved"
  183 debug pnpm:progress: 
    packageId: "registry.npmjs.org/supports-color/7.2.0"
    requester: "/app"
    status: "resolved"
  184 debug pnpm:progress: 
    packageId: "registry.npmjs.org/color-name/1.1.4"
    requester: "/app"
    status: "found_in_store"
  185 debug pnpm:progress: 
    packageId: "registry.npmjs.org/supports-color/7.2.0"
    requester: "/app"
    status: "found_in_store"
  186 debug pnpm:progress: 
    packageId: "registry.npmjs.org/has-flag/4.0.0"
    requester: "/app"
    status: "resolved"
  187 debug pnpm:progress: 
    packageId: "registry.npmjs.org/has-flag/4.0.0"
    requester: "/app"
    status: "found_in_store"
  188 debug pnpm:progress: 
    packageId: "registry.npmjs.org/cleverbot.io/1.0.4"
    requester: "/app"
    status: "resolved"
  189 debug pnpm:progress: 
    packageId: "registry.npmjs.org/cleverbot.io/1.0.4"
    requester: "/app"
    status: "found_in_store"
  190 debug pnpm:progress: 
    packageId: "registry.npmjs.org/request/2.88.2"
    requester: "/app"
    status: "resolved"
  191 debug pnpm:progress: 
    packageId: "registry.npmjs.org/request/2.88.2"
    requester: "/app"
    status: "found_in_store"
  192 debug pnpm:progress: 
    packageId: "registry.npmjs.org/aws-sign2/0.7.0"
    requester: "/app"
    status: "resolved"
  193 debug pnpm:progress: 
    packageId: "registry.npmjs.org/aws-sign2/0.7.0"
    requester: "/app"
    status: "found_in_store"
  194 debug pnpm:progress: 
    packageId: "registry.npmjs.org/aws4/1.11.0"
    requester: "/app"
    status: "resolved"
  195 debug pnpm:progress: 
    packageId: "registry.npmjs.org/aws4/1.11.0"
    requester: "/app"
    status: "found_in_store"
  196 debug pnpm:progress: 
    packageId: "registry.npmjs.org/caseless/0.12.0"
    requester: "/app"
    status: "resolved"
  197 debug pnpm:progress: 
    packageId: "registry.npmjs.org/caseless/0.12.0"
    requester: "/app"
    status: "found_in_store"
  198 debug pnpm:progress: 
    packageId: "registry.npmjs.org/combined-stream/1.0.8"
    requester: "/app"
    status: "resolved"
  199 debug pnpm:progress: 
    packageId: "registry.npmjs.org/delayed-stream/1.0.0"
    requester: "/app"
    status: "resolved"
  200 debug pnpm:progress: 
    packageId: "registry.npmjs.org/combined-stream/1.0.8"
    requester: "/app"
    status: "found_in_store"
  201 debug pnpm:progress: 
    packageId: "registry.npmjs.org/delayed-stream/1.0.0"
    requester: "/app"
    status: "found_in_store"
  202 debug pnpm:progress: 
    packageId: "registry.npmjs.org/extend/3.0.2"
    requester: "/app"
    status: "resolved"
  203 debug pnpm:progress: 
    packageId: "registry.npmjs.org/extend/3.0.2"
    requester: "/app"
    status: "found_in_store"
  204 debug pnpm:progress: 
    packageId: "registry.npmjs.org/forever-agent/0.6.1"
    requester: "/app"
    status: "resolved"
  205 debug pnpm:progress: 
    packageId: "registry.npmjs.org/forever-agent/0.6.1"
    requester: "/app"
    status: "found_in_store"
  206 debug pnpm:progress: 
    packageId: "registry.npmjs.org/form-data/2.3.3"
    requester: "/app"
    status: "resolved"
  207 debug pnpm:progress: 
    packageId: "registry.npmjs.org/asynckit/0.4.0"
    requester: "/app"
    status: "resolved"
  208 debug pnpm:progress: 
    packageId: "registry.npmjs.org/mime-types/2.1.29"
    requester: "/app"
    status: "resolved"
  209 debug pnpm:progress: 
    packageId: "registry.npmjs.org/mime-db/1.46.0"
    requester: "/app"
    status: "resolved"
  210 debug pnpm:progress: 
    packageId: "registry.npmjs.org/form-data/2.3.3"
    requester: "/app"
    status: "found_in_store"
  211 debug pnpm:progress: 
    packageId: "registry.npmjs.org/asynckit/0.4.0"
    requester: "/app"
    status: "found_in_store"
  212 debug pnpm:progress: 
    packageId: "registry.npmjs.org/mime-types/2.1.29"
    requester: "/app"
    status: "found_in_store"
  213 debug pnpm:progress: 
    packageId: "registry.npmjs.org/mime-db/1.46.0"
    requester: "/app"
    status: "found_in_store"
  214 debug pnpm:progress: 
    packageId: "registry.npmjs.org/har-validator/5.1.5"
    requester: "/app"
    status: "resolved"
  215 debug pnpm:progress: 
    packageId: "registry.npmjs.org/har-validator/5.1.5"
    requester: "/app"
    status: "found_in_store"
  216 debug pnpm:progress: 
    packageId: "registry.npmjs.org/ajv/6.12.6"
    requester: "/app"
    status: "resolved"
  217 debug pnpm:progress: 
    packageId: "registry.npmjs.org/fast-deep-equal/3.1.3"
    requester: "/app"
    status: "resolved"
  218 debug pnpm:progress: 
    packageId: "registry.npmjs.org/ajv/6.12.6"
    requester: "/app"
    status: "found_in_store"
  219 debug pnpm:progress: 
    packageId: "registry.npmjs.org/fast-deep-equal/3.1.3"
    requester: "/app"
    status: "found_in_store"
  220 debug pnpm:progress: 
    packageId: "registry.npmjs.org/fast-json-stable-stringify/2.1.0"
    requester: "/app"
    status: "resolved"
  221 debug pnpm:progress: 
    packageId: "registry.npmjs.org/fast-json-stable-stringify/2.1.0"
    requester: "/app"
    status: "found_in_store"
  222 debug pnpm:progress: 
    packageId: "registry.npmjs.org/json-schema-traverse/0.4.1"
    requester: "/app"
    status: "resolved"
  223 debug pnpm:progress: 
    packageId: "registry.npmjs.org/json-schema-traverse/0.4.1"
    requester: "/app"
    status: "found_in_store"
  224 debug pnpm:progress: 
    packageId: "registry.npmjs.org/uri-js/4.4.1"
    requester: "/app"
    status: "resolved"
  225 debug pnpm:progress: 
    packageId: "registry.npmjs.org/punycode/2.1.1"
    requester: "/app"
    status: "resolved"
  226 debug pnpm:progress: 
    packageId: "registry.npmjs.org/uri-js/4.4.1"
    requester: "/app"
    status: "found_in_store"
  227 debug pnpm:progress: 
    packageId: "registry.npmjs.org/punycode/2.1.1"
    requester: "/app"
    status: "found_in_store"
  228 debug pnpm:progress: 
    packageId: "registry.npmjs.org/har-schema/2.0.0"
    requester: "/app"
    status: "resolved"
  229 debug pnpm:progress: 
    packageId: "registry.npmjs.org/har-schema/2.0.0"
    requester: "/app"
    status: "found_in_store"
  230 debug pnpm:progress: 
    packageId: "registry.npmjs.org/http-signature/1.2.0"
    requester: "/app"
    status: "resolved"
  231 debug pnpm:progress: 
    packageId: "registry.npmjs.org/http-signature/1.2.0"
    requester: "/app"
    status: "found_in_store"
  232 debug pnpm:progress: 
    packageId: "registry.npmjs.org/assert-plus/1.0.0"
    requester: "/app"
    status: "resolved"
  233 debug pnpm:progress: 
    packageId: "registry.npmjs.org/assert-plus/1.0.0"
    requester: "/app"
    status: "found_in_store"
  234 debug pnpm:progress: 
    packageId: "registry.npmjs.org/jsprim/1.4.1"
    requester: "/app"
    status: "resolved"
  235 debug pnpm:progress: 
    packageId: "registry.npmjs.org/jsprim/1.4.1"
    requester: "/app"
    status: "found_in_store"
  236 debug pnpm:progress: 
    packageId: "registry.npmjs.org/extsprintf/1.3.0"
    requester: "/app"
    status: "resolved"
  237 debug pnpm:progress: 
    packageId: "registry.npmjs.org/extsprintf/1.3.0"
    requester: "/app"
    status: "found_in_store"
  238 debug pnpm:progress: 
    packageId: "registry.npmjs.org/json-schema/0.2.3"
    requester: "/app"
    status: "resolved"
  239 debug pnpm:progress: 
    packageId: "registry.npmjs.org/json-schema/0.2.3"
    requester: "/app"
    status: "found_in_store"
  240 debug pnpm:progress: 
    packageId: "registry.npmjs.org/verror/1.10.0"
    requester: "/app"
    status: "resolved"
  241 debug pnpm:progress: 
    packageId: "registry.npmjs.org/verror/1.10.0"
    requester: "/app"
    status: "found_in_store"
  242 debug pnpm:progress: 
    packageId: "registry.npmjs.org/extsprintf/1.4.0"
    requester: "/app"
    status: "resolved"
  243 debug pnpm:progress: 
    packageId: "registry.npmjs.org/extsprintf/1.4.0"
    requester: "/app"
    status: "found_in_store"
  244 debug pnpm:progress: 
    packageId: "registry.npmjs.org/sshpk/1.16.1"
    requester: "/app"
    status: "resolved"
  245 debug pnpm:progress: 
    packageId: "registry.npmjs.org/sshpk/1.16.1"
    requester: "/app"
    status: "found_in_store"
  246 debug pnpm:progress: 
    packageId: "registry.npmjs.org/asn1/0.2.4"
    requester: "/app"
    status: "resolved"
  247 debug pnpm:progress: 
    packageId: "registry.npmjs.org/asn1/0.2.4"
    requester: "/app"
    status: "found_in_store"
  248 debug pnpm:progress: 
    packageId: "registry.npmjs.org/bcrypt-pbkdf/1.0.2"
    requester: "/app"
    status: "resolved"
  249 debug pnpm:progress: 
    packageId: "registry.npmjs.org/bcrypt-pbkdf/1.0.2"
    requester: "/app"
    status: "found_in_store"
  250 debug pnpm:progress: 
    packageId: "registry.npmjs.org/tweetnacl/0.14.5"
    requester: "/app"
    status: "resolved"
  251 debug pnpm:progress: 
    packageId: "registry.npmjs.org/tweetnacl/0.14.5"
    requester: "/app"
    status: "found_in_store"
  252 debug pnpm:progress: 
    packageId: "registry.npmjs.org/dashdash/1.14.1"
    requester: "/app"
    status: "resolved"
  253 debug pnpm:progress: 
    packageId: "registry.npmjs.org/dashdash/1.14.1"
    requester: "/app"
    status: "found_in_store"
  254 debug pnpm:progress: 
    packageId: "registry.npmjs.org/ecc-jsbn/0.1.2"
    requester: "/app"
    status: "resolved"
  255 debug pnpm:progress: 
    packageId: "registry.npmjs.org/ecc-jsbn/0.1.2"
    requester: "/app"
    status: "found_in_store"
  256 debug pnpm:progress: 
    packageId: "registry.npmjs.org/jsbn/0.1.1"
    requester: "/app"
    status: "resolved"
  257 debug pnpm:progress: 
    packageId: "registry.npmjs.org/jsbn/0.1.1"
    requester: "/app"
    status: "found_in_store"
  258 debug pnpm:progress: 
    packageId: "registry.npmjs.org/getpass/0.1.7"
    requester: "/app"
    status: "resolved"
  259 debug pnpm:progress: 
    packageId: "registry.npmjs.org/getpass/0.1.7"
    requester: "/app"
    status: "found_in_store"
  260 debug pnpm:progress: 
    packageId: "registry.npmjs.org/is-typedarray/1.0.0"
    requester: "/app"
    status: "resolved"
  261 debug pnpm:progress: 
    packageId: "registry.npmjs.org/is-typedarray/1.0.0"
    requester: "/app"
    status: "found_in_store"
  262 debug pnpm:progress: 
    packageId: "registry.npmjs.org/isstream/0.1.2"
    requester: "/app"
    status: "resolved"
  263 debug pnpm:progress: 
    packageId: "registry.npmjs.org/isstream/0.1.2"
    requester: "/app"
    status: "found_in_store"
  264 debug pnpm:progress: 
    packageId: "registry.npmjs.org/json-stringify-safe/5.0.1"
    requester: "/app"
    status: "resolved"
  265 debug pnpm:progress: 
    packageId: "registry.npmjs.org/json-stringify-safe/5.0.1"
    requester: "/app"
    status: "found_in_store"
  266 debug pnpm:progress: 
    packageId: "registry.npmjs.org/oauth-sign/0.9.0"
    requester: "/app"
    status: "resolved"
  267 debug pnpm:progress: 
    packageId: "registry.npmjs.org/oauth-sign/0.9.0"
    requester: "/app"
    status: "found_in_store"
  268 debug pnpm:progress: 
    packageId: "registry.npmjs.org/performance-now/2.1.0"
    requester: "/app"
    status: "resolved"
  269 debug pnpm:progress: 
    packageId: "registry.npmjs.org/performance-now/2.1.0"
    requester: "/app"
    status: "found_in_store"
  270 debug pnpm:progress: 
    packageId: "registry.npmjs.org/qs/6.5.2"
    requester: "/app"
    status: "resolved"
  271 debug pnpm:progress: 
    packageId: "registry.npmjs.org/qs/6.5.2"
    requester: "/app"
    status: "found_in_store"
  272 debug pnpm:progress: 
    packageId: "registry.npmjs.org/tough-cookie/2.5.0"
    requester: "/app"
    status: "resolved"
  273 debug pnpm:progress: 
    packageId: "registry.npmjs.org/tough-cookie/2.5.0"
    requester: "/app"
    status: "found_in_store"
  274 debug pnpm:progress: 
    packageId: "registry.npmjs.org/psl/1.8.0"
    requester: "/app"
    status: "resolved"
  275 debug pnpm:progress: 
    packageId: "registry.npmjs.org/psl/1.8.0"
    requester: "/app"
    status: "found_in_store"
  276 debug pnpm:progress: 
    packageId: "registry.npmjs.org/tunnel-agent/0.6.0"
    requester: "/app"
    status: "resolved"
  277 debug pnpm:progress: 
    packageId: "registry.npmjs.org/tunnel-agent/0.6.0"
    requester: "/app"
    status: "found_in_store"
  278 debug pnpm:progress: 
    packageId: "registry.npmjs.org/uuid/3.4.0"
    requester: "/app"
    status: "resolved"
  279 debug pnpm:progress: 
    packageId: "registry.npmjs.org/uuid/3.4.0"
    requester: "/app"
    status: "found_in_store"
  280 debug pnpm:progress: 
    packageId: "registry.npmjs.org/cli-table/0.3.1"
    requester: "/app"
    status: "resolved"
  281 debug pnpm:progress: 
    packageId: "registry.npmjs.org/cli-table/0.3.1"
    requester: "/app"
    status: "found_in_store"
  282 debug pnpm:progress: 
    packageId: "registry.npmjs.org/colors/1.0.3"
    requester: "/app"
    status: "resolved"
  283 debug pnpm:progress: 
    packageId: "registry.npmjs.org/common-tags/1.8.0"
    requester: "/app"
    status: "resolved"
  284 debug pnpm:progress: 
    packageId: "registry.npmjs.org/colors/1.0.3"
    requester: "/app"
    status: "found_in_store"
  285 debug pnpm:progress: 
    packageId: "registry.npmjs.org/cowsay/1.4.0"
    requester: "/app"
    status: "resolved"
  286 debug pnpm:progress: 
    packageId: "registry.npmjs.org/common-tags/1.8.0"
    requester: "/app"
    status: "found_in_store"
  287 debug pnpm:progress: 
    packageId: "registry.npmjs.org/get-stdin/5.0.1"
    requester: "/app"
    status: "resolved"
  288 debug pnpm:progress: 
    packageId: "registry.npmjs.org/cowsay/1.4.0"
    requester: "/app"
    status: "found_in_store"
  289 debug pnpm:progress: 
    packageId: "registry.npmjs.org/optimist/0.6.1"
    requester: "/app"
    status: "resolved"
  290 debug pnpm:progress: 
    packageId: "registry.npmjs.org/get-stdin/5.0.1"
    requester: "/app"
    status: "found_in_store"
  291 debug pnpm:progress: 
    packageId: "registry.npmjs.org/optimist/0.6.1"
    requester: "/app"
    status: "found_in_store"
  292 debug pnpm:progress: 
    packageId: "registry.npmjs.org/minimist/0.0.10"
    requester: "/app"
    status: "resolved"
  293 debug pnpm:progress: 
    packageId: "registry.npmjs.org/minimist/0.0.10"
    requester: "/app"
    status: "found_in_store"
  294 debug pnpm:progress: 
    packageId: "registry.npmjs.org/wordwrap/0.0.3"
    requester: "/app"
    status: "resolved"
  295 debug pnpm:progress: 
    packageId: "registry.npmjs.org/wordwrap/0.0.3"
    requester: "/app"
    status: "found_in_store"
  296 debug pnpm:progress: 
    packageId: "registry.npmjs.org/strip-eof/1.0.0"
    requester: "/app"
    status: "resolved"
  297 debug pnpm:progress: 
    packageId: "registry.npmjs.org/strip-eof/1.0.0"
    requester: "/app"
    status: "found_in_store"
  298 debug pnpm:progress: 
    packageId: "registry.npmjs.org/cpu-stat/2.0.1"
    requester: "/app"
    status: "resolved"
  299 debug pnpm:progress: 
    packageId: "registry.npmjs.org/cpu-stat/2.0.1"
    requester: "/app"
    status: "found_in_store"
  300 debug pnpm:progress: 
    packageId: "registry.npmjs.org/db-system/0.0.34"
    requester: "/app"
    status: "resolved"
  301 debug pnpm:progress: 
    packageId: "registry.npmjs.org/dblapi.js/2.4.1"
    requester: "/app"
    status: "resolved"
  302 debug pnpm:progress: 
    packageId: "registry.npmjs.org/dblapi.js/2.4.1"
    requester: "/app"
    status: "found_in_store"
  303 debug pnpm:progress: 
    packageId: "registry.npmjs.org/discord-anti-spam-tr/0.7.4"
    requester: "/app"
    status: "resolved"
  304 debug pnpm:progress: 
    packageId: "registry.npmjs.org/discord-anti-spam-tr/0.7.4"
    requester: "/app"
    status: "found_in_store"
  305 debug pnpm:progress: 
    packageId: "registry.npmjs.org/discord.js/11.6.4"
    requester: "/app"
    status: "resolved"
  306 debug pnpm:progress: 
    packageId: "registry.npmjs.org/long/4.0.0"
    requester: "/app"
    status: "resolved"
  307 debug pnpm:progress: 
    packageId: "registry.npmjs.org/discord.js/11.6.4"
    requester: "/app"
    status: "found_in_store"
  308 debug pnpm:progress: 
    packageId: "registry.npmjs.org/prism-media/0.0.4"
    requester: "/app"
    status: "resolved"
  309 debug pnpm:progress: 
    packageId: "registry.npmjs.org/long/4.0.0"
    requester: "/app"
    status: "found_in_store"
  310 debug pnpm:progress: 
    packageId: "registry.npmjs.org/prism-media/0.0.4"
    requester: "/app"
    status: "found_in_store"
  311 debug pnpm:progress: 
    packageId: "registry.npmjs.org/snekfetch/3.6.4"
    requester: "/app"
    status: "resolved"
  312 debug pnpm:progress: 
    packageId: "registry.npmjs.org/tweetnacl/1.0.3"
    requester: "/app"
    status: "resolved"
  313 debug pnpm:progress: 
    packageId: "registry.npmjs.org/ws/6.2.1"
    requester: "/app"
    status: "resolved"
  314 debug pnpm:progress: 
    packageId: "registry.npmjs.org/snekfetch/3.6.4"
    requester: "/app"
    status: "found_in_store"
  315 debug pnpm:progress: 
    packageId: "registry.npmjs.org/async-limiter/1.0.1"
    requester: "/app"
    status: "resolved"
  316 debug pnpm:progress: 
    packageId: "registry.npmjs.org/ws/6.2.1"
    requester: "/app"
    status: "found_in_store"
  317 debug pnpm:progress: 
    packageId: "registry.npmjs.org/tweetnacl/1.0.3"
    requester: "/app"
    status: "found_in_store"
  318 debug pnpm:progress: 
    packageId: "registry.npmjs.org/async-limiter/1.0.1"
    requester: "/app"
    status: "found_in_store"
  319 debug pnpm:progress: 
    packageId: "registry.npmjs.org/discord.js-music-v11/1.3.4"
    requester: "/app"
    status: "resolved"
  320 debug pnpm:progress: 
    packageId: "registry.npmjs.org/discord.js-music-v11/1.3.4"
    requester: "/app"
    status: "found_in_store"
  321 debug pnpm:progress: 
    packageId: "registry.npmjs.org/youtube-dl/1.13.1"
    requester: "/app"
    status: "resolved"
  322 debug pnpm:progress: 
    packageId: "registry.npmjs.org/youtube-dl/1.13.1"
    requester: "/app"
    status: "found_in_store"
  323 debug pnpm:progress: 
    packageId: "registry.npmjs.org/hh-mm-ss/1.2.0"
    requester: "/app"
    status: "resolved"
  324 debug pnpm:progress: 
    packageId: "registry.npmjs.org/hh-mm-ss/1.2.0"
    requester: "/app"
    status: "found_in_store"
  325 debug pnpm:progress: 
    packageId: "registry.npmjs.org/zero-fill/2.2.4"
    requester: "/app"
    status: "resolved"
  326 debug pnpm:progress: 
    packageId: "registry.npmjs.org/zero-fill/2.2.4"
    requester: "/app"
    status: "found_in_store"
  327 debug pnpm:progress: 
    packageId: "registry.npmjs.org/streamify/0.2.9"
    requester: "/app"
    status: "resolved"
  328 debug pnpm:progress: 
    packageId: "registry.npmjs.org/streamify/0.2.9"
    requester: "/app"
    status: "found_in_store"
  329 debug pnpm:progress: 
    packageId: "registry.npmjs.org/hashish/0.0.4"
    requester: "/app"
    status: "resolved"
  330 debug pnpm:progress: 
    packageId: "registry.npmjs.org/hashish/0.0.4"
    requester: "/app"
    status: "found_in_store"
  331 debug pnpm:progress: 
    packageId: "registry.npmjs.org/traverse/0.6.6"
    requester: "/app"
    status: "resolved"
  332 debug pnpm:progress: 
    packageId: "registry.npmjs.org/traverse/0.6.6"
    requester: "/app"
    status: "found_in_store"
  333 debug pnpm:progress: 
    packageId: "registry.npmjs.org/ytdl-core/0.9.2"
    requester: "/app"
    status: "resolved"
  334 debug pnpm:progress: 
    packageId: "registry.npmjs.org/ytdl-core/0.9.2"
    requester: "/app"
    status: "found_in_store"
  335 debug pnpm:progress: 
    packageId: "registry.npmjs.org/html-entities/1.4.0"
    requester: "/app"
    status: "resolved"
  336 debug pnpm:progress: 
    packageId: "registry.npmjs.org/html-entities/1.4.0"
    requester: "/app"
    status: "found_in_store"
  337 debug pnpm:progress: 
    packageId: "registry.npmjs.org/discord.js-sharder/1.0.6"
    requester: "/app"
    status: "resolved"
  338 debug pnpm:progress: 
    packageId: "registry.npmjs.org/discord.js-sharder/1.0.6"
    requester: "/app"
    status: "found_in_store"
  339 debug pnpm:progress: 
    packageId: "registry.npmjs.org/sj.reggol/0.0.1"
    requester: "/app"
    status: "resolved"
  340 debug pnpm:progress: 
    packageId: "registry.npmjs.org/sj.reggol/0.0.1"
    requester: "/app"
    status: "found_in_store"
  341 debug pnpm:progress: 
    packageId: "registry.npmjs.org/chalk/2.4.2"
    requester: "/app"
    status: "resolved"
  342 debug pnpm:progress: 
    packageId: "registry.npmjs.org/ansi-styles/3.2.1"
    requester: "/app"
    status: "resolved"
  343 debug pnpm:progress: 
    packageId: "registry.npmjs.org/chalk/2.4.2"
    requester: "/app"
    status: "found_in_store"
  344 debug pnpm:progress: 
    packageId: "registry.npmjs.org/ansi-styles/3.2.1"
    requester: "/app"
    status: "found_in_store"
  345 debug pnpm:progress: 
    packageId: "registry.npmjs.org/color-convert/1.9.3"
    requester: "/app"
    status: "resolved"
  346 debug pnpm:progress: 
    packageId: "registry.npmjs.org/color-convert/1.9.3"
    requester: "/app"
    status: "found_in_store"
  347 debug pnpm:progress: 
    packageId: "registry.npmjs.org/color-name/1.1.3"
    requester: "/app"
    status: "resolved"
  348 debug pnpm:progress: 
    packageId: "registry.npmjs.org/color-name/1.1.3"
    requester: "/app"
    status: "found_in_store"
  349 debug pnpm:progress: 
    packageId: "registry.npmjs.org/escape-string-regexp/1.0.5"
    requester: "/app"
    status: "resolved"
  350 debug pnpm:progress: 
    packageId: "registry.npmjs.org/escape-string-regexp/1.0.5"
    requester: "/app"
    status: "found_in_store"
  351 debug pnpm:progress: 
    packageId: "registry.npmjs.org/supports-color/5.5.0"
    requester: "/app"
    status: "resolved"
  352 debug pnpm:progress: 
    packageId: "registry.npmjs.org/supports-color/5.5.0"
    requester: "/app"
    status: "found_in_store"
  353 debug pnpm:progress: 
    packageId: "registry.npmjs.org/has-flag/3.0.0"
    requester: "/app"
    status: "resolved"
  354 debug pnpm:progress: 
    packageId: "registry.npmjs.org/has-flag/3.0.0"
    requester: "/app"
    status: "found_in_store"
  355 debug pnpm:progress: 
    packageId: "registry.npmjs.org/ejs/3.1.6"
    requester: "/app"
    status: "resolved"
  356 debug pnpm:progress: 
    packageId: "registry.npmjs.org/ejs/3.1.6"
    requester: "/app"
    status: "found_in_store"
  357 debug pnpm:progress: 
    packageId: "registry.npmjs.org/jake/10.8.2"
    requester: "/app"
    status: "resolved"
  358 debug pnpm:progress: 
    packageId: "registry.npmjs.org/jake/10.8.2"
    requester: "/app"
    status: "found_in_store"
  359 debug pnpm:progress: 
    packageId: "registry.npmjs.org/async/0.9.2"
    requester: "/app"
    status: "resolved"
  360 debug pnpm:progress: 
    packageId: "registry.npmjs.org/async/0.9.2"
    requester: "/app"
    status: "found_in_store"
  361 debug pnpm:progress: 
    packageId: "registry.npmjs.org/filelist/1.0.2"
    requester: "/app"
    status: "resolved"
  362 debug pnpm:progress: 
    packageId: "registry.npmjs.org/filelist/1.0.2"
    requester: "/app"
    status: "found_in_store"
  363 debug pnpm:progress: 
    packageId: "registry.npmjs.org/express/4.17.1"
    requester: "/app"
    status: "resolved"
  364 debug pnpm:progress: 
    packageId: "registry.npmjs.org/express/4.17.1"
    requester: "/app"
    status: "found_in_store"
  365 debug pnpm:progress: 
    packageId: "registry.npmjs.org/accepts/1.3.7"
    requester: "/app"
    status: "resolved"
  366 debug pnpm:progress: 
    packageId: "registry.npmjs.org/accepts/1.3.7"
    requester: "/app"
    status: "found_in_store"
  367 debug pnpm:progress: 
    packageId: "registry.npmjs.org/negotiator/0.6.2"
    requester: "/app"
    status: "resolved"
  368 debug pnpm:progress: 
    packageId: "registry.npmjs.org/negotiator/0.6.2"
    requester: "/app"
    status: "found_in_store"
  369 debug pnpm:progress: 
    packageId: "registry.npmjs.org/array-flatten/1.1.1"
    requester: "/app"
    status: "resolved"
  370 debug pnpm:progress: 
    packageId: "registry.npmjs.org/array-flatten/1.1.1"
    requester: "/app"
    status: "found_in_store"
  371 debug pnpm:progress: 
    packageId: "registry.npmjs.org/body-parser/1.19.0"
    requester: "/app"
    status: "resolved"
  372 debug pnpm:progress: 
    packageId: "registry.npmjs.org/body-parser/1.19.0"
    requester: "/app"
    status: "found_in_store"
  373 debug pnpm:progress: 
    packageId: "registry.npmjs.org/bytes/3.1.0"
    requester: "/app"
    status: "resolved"
  374 debug pnpm:progress: 
    packageId: "registry.npmjs.org/bytes/3.1.0"
    requester: "/app"
    status: "found_in_store"
  375 debug pnpm:progress: 
    packageId: "registry.npmjs.org/content-type/1.0.4"
    requester: "/app"
    status: "resolved"
  376 debug pnpm:progress: 
    packageId: "registry.npmjs.org/content-type/1.0.4"
    requester: "/app"
    status: "found_in_store"
  377 debug pnpm:progress: 
    packageId: "registry.npmjs.org/debug/2.6.9"
    requester: "/app"
    status: "resolved"
  378 debug pnpm:progress: 
    packageId: "registry.npmjs.org/debug/2.6.9"
    requester: "/app"
    status: "found_in_store"
  379 debug pnpm:progress: 
    packageId: "registry.npmjs.org/ms/2.0.0"
    requester: "/app"
    status: "resolved"
  380 debug pnpm:progress: 
    packageId: "registry.npmjs.org/ms/2.0.0"
    requester: "/app"
    status: "found_in_store"
  381 debug pnpm:progress: 
    packageId: "registry.npmjs.org/depd/1.1.2"
    requester: "/app"
    status: "resolved"
  382 debug pnpm:progress: 
    packageId: "registry.npmjs.org/depd/1.1.2"
    requester: "/app"
    status: "found_in_store"
  383 debug pnpm:progress: 
    packageId: "registry.npmjs.org/http-errors/1.7.2"
    requester: "/app"
    status: "resolved"
  384 debug pnpm:progress: 
    packageId: "registry.npmjs.org/http-errors/1.7.2"
    requester: "/app"
    status: "found_in_store"
  385 debug pnpm:progress: 
    packageId: "registry.npmjs.org/inherits/2.0.3"
    requester: "/app"
    status: "resolved"
  386 debug pnpm:progress: 
    packageId: "registry.npmjs.org/inherits/2.0.3"
    requester: "/app"
    status: "found_in_store"
  387 debug pnpm:progress: 
    packageId: "registry.npmjs.org/setprototypeof/1.1.1"
    requester: "/app"
    status: "resolved"
  388 debug pnpm:progress: 
    packageId: "registry.npmjs.org/setprototypeof/1.1.1"
    requester: "/app"
    status: "found_in_store"
  389 debug pnpm:progress: 
    packageId: "registry.npmjs.org/statuses/1.5.0"
    requester: "/app"
    status: "resolved"
  390 debug pnpm:progress: 
    packageId: "registry.npmjs.org/statuses/1.5.0"
    requester: "/app"
    status: "found_in_store"
  391 debug pnpm:progress: 
    packageId: "registry.npmjs.org/toidentifier/1.0.0"
    requester: "/app"
    status: "resolved"
  392 debug pnpm:progress: 
    packageId: "registry.npmjs.org/toidentifier/1.0.0"
    requester: "/app"
    status: "found_in_store"
  393 debug pnpm:progress: 
    packageId: "registry.npmjs.org/on-finished/2.3.0"
    requester: "/app"
    status: "resolved"
  394 debug pnpm:progress: 
    packageId: "registry.npmjs.org/ee-first/1.1.1"
    requester: "/app"
    status: "resolved"
  395 debug pnpm:progress: 
    packageId: "registry.npmjs.org/on-finished/2.3.0"
    requester: "/app"
    status: "found_in_store"
  396 debug pnpm:progress: 
    packageId: "registry.npmjs.org/ee-first/1.1.1"
    requester: "/app"
    status: "found_in_store"
  397 debug pnpm:progress: 
    packageId: "registry.npmjs.org/qs/6.7.0"
    requester: "/app"
    status: "resolved"
  398 debug pnpm:progress: 
    packageId: "registry.npmjs.org/qs/6.7.0"
    requester: "/app"
    status: "found_in_store"
  399 debug pnpm:progress: 
    packageId: "registry.npmjs.org/raw-body/2.4.0"
    requester: "/app"
    status: "resolved"
  400 debug pnpm:progress: 
    packageId: "registry.npmjs.org/raw-body/2.4.0"
    requester: "/app"
    status: "found_in_store"
  401 debug pnpm:progress: 
    packageId: "registry.npmjs.org/unpipe/1.0.0"
    requester: "/app"
    status: "resolved"
  402 debug pnpm:progress: 
    packageId: "registry.npmjs.org/unpipe/1.0.0"
    requester: "/app"
    status: "found_in_store"
  403 debug pnpm:progress: 
    packageId: "registry.npmjs.org/type-is/1.6.18"
    requester: "/app"
    status: "resolved"
  404 debug pnpm:progress: 
    packageId: "registry.npmjs.org/type-is/1.6.18"
    requester: "/app"
    status: "found_in_store"
  405 debug pnpm:progress: 
    packageId: "registry.npmjs.org/media-typer/0.3.0"
    requester: "/app"
    status: "resolved"
  406 debug pnpm:progress: 
    packageId: "registry.npmjs.org/media-typer/0.3.0"
    requester: "/app"
    status: "found_in_store"
  407 debug pnpm:progress: 
    packageId: "registry.npmjs.org/content-disposition/0.5.3"
    requester: "/app"
    status: "resolved"
  408 debug pnpm:progress: 
    packageId: "registry.npmjs.org/content-disposition/0.5.3"
    requester: "/app"
    status: "found_in_store"
  409 debug pnpm:progress: 
    packageId: "registry.npmjs.org/cookie/0.4.0"
    requester: "/app"
    status: "resolved"
  410 debug pnpm:progress: 
    packageId: "registry.npmjs.org/cookie/0.4.0"
    requester: "/app"
    status: "found_in_store"
  411 debug pnpm:progress: 
    packageId: "registry.npmjs.org/cookie-signature/1.0.6"
    requester: "/app"
    status: "resolved"
  412 debug pnpm:progress: 
    packageId: "registry.npmjs.org/cookie-signature/1.0.6"
    requester: "/app"
    status: "found_in_store"
  413 debug pnpm:progress: 
    packageId: "registry.npmjs.org/encodeurl/1.0.2"
    requester: "/app"
    status: "resolved"
  414 debug pnpm:progress: 
    packageId: "registry.npmjs.org/encodeurl/1.0.2"
    requester: "/app"
    status: "found_in_store"
  415 debug pnpm:progress: 
    packageId: "registry.npmjs.org/escape-html/1.0.3"
    requester: "/app"
    status: "resolved"
  416 debug pnpm:progress: 
    packageId: "registry.npmjs.org/escape-html/1.0.3"
    requester: "/app"
    status: "found_in_store"
  417 debug pnpm:progress: 
    packageId: "registry.npmjs.org/etag/1.8.1"
    requester: "/app"
    status: "resolved"
  418 debug pnpm:progress: 
    packageId: "registry.npmjs.org/etag/1.8.1"
    requester: "/app"
    status: "found_in_store"
  419 debug pnpm:progress: 
    packageId: "registry.npmjs.org/finalhandler/1.1.2"
    requester: "/app"
    status: "resolved"
  420 debug pnpm:progress: 
    packageId: "registry.npmjs.org/finalhandler/1.1.2"
    requester: "/app"
    status: "found_in_store"
  421 debug pnpm:progress: 
    packageId: "registry.npmjs.org/parseurl/1.3.3"
    requester: "/app"
    status: "resolved"
  422 debug pnpm:progress: 
    packageId: "registry.npmjs.org/parseurl/1.3.3"
    requester: "/app"
    status: "found_in_store"
  423 debug pnpm:progress: 
    packageId: "registry.npmjs.org/fresh/0.5.2"
    requester: "/app"
    status: "resolved"
  424 debug pnpm:progress: 
    packageId: "registry.npmjs.org/fresh/0.5.2"
    requester: "/app"
    status: "found_in_store"
  425 debug pnpm:progress: 
    packageId: "registry.npmjs.org/merge-descriptors/1.0.1"
    requester: "/app"
    status: "resolved"
  426 debug pnpm:progress: 
    packageId: "registry.npmjs.org/merge-descriptors/1.0.1"
    requester: "/app"
    status: "found_in_store"
  427 debug pnpm:progress: 
    packageId: "registry.npmjs.org/methods/1.1.2"
    requester: "/app"
    status: "resolved"
  428 debug pnpm:progress: 
    packageId: "registry.npmjs.org/methods/1.1.2"
    requester: "/app"
    status: "found_in_store"
  429 debug pnpm:progress: 
    packageId: "registry.npmjs.org/path-to-regexp/0.1.7"
    requester: "/app"
    status: "resolved"
  430 debug pnpm:progress: 
    packageId: "registry.npmjs.org/path-to-regexp/0.1.7"
    requester: "/app"
    status: "found_in_store"
  431 debug pnpm:progress: 
    packageId: "registry.npmjs.org/proxy-addr/2.0.6"
    requester: "/app"
    status: "resolved"
  432 debug pnpm:progress: 
    packageId: "registry.npmjs.org/proxy-addr/2.0.6"
    requester: "/app"
    status: "found_in_store"
  433 debug pnpm:progress: 
    packageId: "registry.npmjs.org/forwarded/0.1.2"
    requester: "/app"
    status: "resolved"
  434 debug pnpm:progress: 
    packageId: "registry.npmjs.org/forwarded/0.1.2"
    requester: "/app"
    status: "found_in_store"
  435 debug pnpm:progress: 
    packageId: "registry.npmjs.org/ipaddr.js/1.9.1"
    requester: "/app"
    status: "resolved"
  436 debug pnpm:progress: 
    packageId: "registry.npmjs.org/ipaddr.js/1.9.1"
    requester: "/app"
    status: "found_in_store"
  437 debug pnpm:progress: 
    packageId: "registry.npmjs.org/range-parser/1.2.1"
    requester: "/app"
    status: "resolved"
  438 debug pnpm:progress: 
    packageId: "registry.npmjs.org/range-parser/1.2.1"
    requester: "/app"
    status: "found_in_store"
  439 debug pnpm:progress: 
    packageId: "registry.npmjs.org/send/0.17.1"
    requester: "/app"
    status: "resolved"
  440 debug pnpm:progress: 
    packageId: "registry.npmjs.org/send/0.17.1"
    requester: "/app"
    status: "found_in_store"
  441 debug pnpm:progress: 
    packageId: "registry.npmjs.org/destroy/1.0.4"
    requester: "/app"
    status: "resolved"
  442 debug pnpm:progress: 
    packageId: "registry.npmjs.org/destroy/1.0.4"
    requester: "/app"
    status: "found_in_store"
  443 debug pnpm:progress: 
    packageId: "registry.npmjs.org/http-errors/1.7.3"
    requester: "/app"
    status: "resolved"
  444 debug pnpm:progress: 
    packageId: "registry.npmjs.org/http-errors/1.7.3"
    requester: "/app"
    status: "found_in_store"
  445 debug pnpm:progress: 
    packageId: "registry.npmjs.org/mime/1.6.0"
    requester: "/app"
    status: "resolved"
  446 debug pnpm:progress: 
    packageId: "registry.npmjs.org/ms/2.1.1"
    requester: "/app"
    status: "resolved"
  447 debug pnpm:progress: 
    packageId: "registry.npmjs.org/mime/1.6.0"
    requester: "/app"
    status: "found_in_store"
  448 debug pnpm:progress: 
    packageId: "registry.npmjs.org/ms/2.1.1"
    requester: "/app"
    status: "found_in_store"
  449 debug pnpm:progress: 
    packageId: "registry.npmjs.org/serve-static/1.14.1"
    requester: "/app"
    status: "resolved"
  450 debug pnpm:progress: 
    packageId: "registry.npmjs.org/serve-static/1.14.1"
    requester: "/app"
    status: "found_in_store"
  451 debug pnpm:progress: 
    packageId: "registry.npmjs.org/utils-merge/1.0.1"
    requester: "/app"
    status: "resolved"
  452 debug pnpm:progress: 
    packageId: "registry.npmjs.org/utils-merge/1.0.1"
    requeste